<?xml version="1.0" encoding="UTF-8"?>
<testng-results skipped="0" failed="0" ignored="0" total="1" passed="1">
  <reporter-output>
  </reporter-output>
  <suite name="Selenium-Docker-Grid-Testing" duration-ms="13218" started-at="2021-11-27T07:45:22Z" finished-at="2021-11-27T07:45:35Z">
    <groups>
    </groups>
    <test name="Sample-Test" duration-ms="13218" started-at="2021-11-27T07:45:22Z" finished-at="2021-11-27T07:45:35Z">
      <class name="com.grid.SampleTest">
        <test-method status="PASS" signature="samplefun()[pri:0, instance:com.grid.SampleTest@475530b9]" name="samplefun" duration-ms="13202" started-at="2021-11-27T07:45:22Z" finished-at="2021-11-27T07:45:35Z">
          <reporter-output>
          </reporter-output>
        </test-method> <!-- samplefun -->
      </class> <!-- com.grid.SampleTest -->
    </test> <!-- Sample-Test -->
  </suite> <!-- Selenium-Docker-Grid-Testing -->
</testng-results>
